<?xml version="1.0" encoding="UTF-8"?>
<testng-results ignored="0" total="1" passed="1" failed="0" skipped="0">
  <reporter-output>
  </reporter-output>
  <suite started-at="2024-04-14T04:04:53 IST" name="Default suite" finished-at="2024-04-14T04:05:10 IST" duration-ms="17272">
    <groups>
      <group name="cucumber">
        <method signature="AbstractTestNGCucumberTests.runScenario(io.cucumber.testng.PickleWrapper,io.cucumber.testng.FeatureWrapper)[pri:0, instance:CucumberOptions.TestNGTestRunner@6a6cb05c]" name="runScenario" class="io.cucumber.testng.AbstractTestNGCucumberTests"/>
      </group> <!-- cucumber -->
    </groups>
    <test started-at="2024-04-14T04:04:53 IST" name="Default test" finished-at="2024-04-14T04:05:10 IST" duration-ms="17272">
      <class name="CucumberOptions.TestNGTestRunner">
        <test-method is-config="true" signature="setUpClass(org.testng.ITestContext)[pri:0, instance:CucumberOptions.TestNGTestRunner@6a6cb05c]" started-at="2024-04-14T04:04:53 IST" name="setUpClass" finished-at="2024-04-14T04:04:53 IST" duration-ms="337" status="PASS">
          <params>
            <param index="0">
              <value>
                <![CDATA[org.testng.TestRunner@5f84abe8]]>
              </value>
            </param>
          </params>
          <reporter-output>
          </reporter-output>
        </test-method> <!-- setUpClass -->
        <test-method signature="runScenario(io.cucumber.testng.PickleWrapper,io.cucumber.testng.FeatureWrapper)[pri:0, instance:CucumberOptions.TestNGTestRunner@6a6cb05c]" started-at="2024-04-14T04:04:53 IST" name="runScenario" description="Runs Cucumber Scenarios" data-provider="scenarios" finished-at="2024-04-14T04:05:10 IST" duration-ms="16853" status="PASS">
          <params>
            <param index="0">
              <value>
                <![CDATA["Deposit amount to his account"]]>
              </value>
            </param>
            <param index="1">
              <value>
                <![CDATA["Customer Transaction"]]>
              </value>
            </param>
          </params>
          <reporter-output>
          </reporter-output>
        </test-method> <!-- runScenario -->
        <test-method is-config="true" signature="tearDownClass()[pri:0, instance:CucumberOptions.TestNGTestRunner@6a6cb05c]" started-at="2024-04-14T04:05:10 IST" name="tearDownClass" finished-at="2024-04-14T04:05:10 IST" duration-ms="2" status="PASS">
          <reporter-output>
          </reporter-output>
        </test-method> <!-- tearDownClass -->
      </class> <!-- CucumberOptions.TestNGTestRunner -->
    </test> <!-- Default test -->
  </suite> <!-- Default suite -->
</testng-results>
